2014-01-07 15:05:55 Error: [MissingDatasourceConfigException] The datasource configuration "default" was not found in database.php
Exception Attributes: array (
  'config' => 'default',
)
Request URL: /gravimon/proyecto/
Stack Trace:
#0 C:\Users\Betmart\Dropbox\RH\USBWebserver v8.5\8.5\root\gravimon\proyecto\lib\Cake\Model\ConnectionManager.php(93): ConnectionManager::_getConnectionObject('default')
#1 C:\Users\Betmart\Dropbox\RH\USBWebserver v8.5\8.5\root\gravimon\proyecto\lib\Cake\Model\Model.php(3288): ConnectionManager::getDataSource('default')
#2 C:\Users\Betmart\Dropbox\RH\USBWebserver v8.5\8.5\root\gravimon\proyecto\lib\Cake\Model\Model.php(1107): Model->setDataSource('default')
#3 C:\Users\Betmart\Dropbox\RH\USBWebserver v8.5\8.5\root\gravimon\proyecto\lib\Cake\Model\Model.php(3310): Model->setSource('users')
#4 C:\Users\Betmart\Dropbox\RH\USBWebserver v8.5\8.5\root\gravimon\proyecto\lib\Cake\Model\Model.php(1318): Model->getDataSource()
#5 C:\Users\Betmart\Dropbox\RH\USBWebserver v8.5\8.5\root\gravimon\proyecto\lib\Cake\View\Helper\FormHelper.php(199): Model->schema()
#6 C:\Users\Betmart\Dropbox\RH\USBWebserver v8.5\8.5\root\gravimon\proyecto\lib\Cake\View\Helper\FormHelper.php(451): FormHelper->_introspectModel('User', 'fields')
#7 C:\Users\Betmart\Dropbox\RH\USBWebserver v8.5\8.5\root\gravimon\proyecto\app\View\Users\login.ctp(4): FormHelper->create('User')
#8 C:\Users\Betmart\Dropbox\RH\USBWebserver v8.5\8.5\root\gravimon\proyecto\lib\Cake\View\View.php(931): include('C:\Users\Betmar...')
#9 C:\Users\Betmart\Dropbox\RH\USBWebserver v8.5\8.5\root\gravimon\proyecto\lib\Cake\View\View.php(893): View->_evaluate('C:\Users\Betmar...', Array)
#10 C:\Users\Betmart\Dropbox\RH\USBWebserver v8.5\8.5\root\gravimon\proyecto\lib\Cake\View\View.php(462): View->_render('C:\Users\Betmar...')
#11 C:\Users\Betmart\Dropbox\RH\USBWebserver v8.5\8.5\root\gravimon\proyecto\lib\Cake\Controller\Controller.php(952): View->render(NULL, NULL)
#12 C:\Users\Betmart\Dropbox\RH\USBWebserver v8.5\8.5\root\gravimon\proyecto\lib\Cake\Routing\Dispatcher.php(194): Controller->render()
#13 C:\Users\Betmart\Dropbox\RH\USBWebserver v8.5\8.5\root\gravimon\proyecto\lib\Cake\Routing\Dispatcher.php(162): Dispatcher->_invoke(Object(UsersController), Object(CakeRequest), Object(CakeResponse))
#14 C:\Users\Betmart\Dropbox\RH\USBWebserver v8.5\8.5\root\gravimon\proyecto\app\webroot\index.php(110): Dispatcher->dispatch(Object(CakeRequest), Object(CakeResponse))
#15 {main}
2014-01-07 15:12:58 Error: [MissingDatasourceConfigException] The datasource configuration "default" was not found in database.php
Exception Attributes: array (
  'config' => 'default',
)
Request URL: /gravimon/proyecto/
Stack Trace:
#0 C:\Users\Betmart\Dropbox\RH\USBWebserver v8.5\8.5\root\gravimon\proyecto\lib\Cake\Model\ConnectionManager.php(93): ConnectionManager::_getConnectionObject('default')
#1 C:\Users\Betmart\Dropbox\RH\USBWebserver v8.5\8.5\root\gravimon\proyecto\lib\Cake\Model\Model.php(3288): ConnectionManager::getDataSource('default')
#2 C:\Users\Betmart\Dropbox\RH\USBWebserver v8.5\8.5\root\gravimon\proyecto\lib\Cake\Model\Model.php(1107): Model->setDataSource('default')
#3 C:\Users\Betmart\Dropbox\RH\USBWebserver v8.5\8.5\root\gravimon\proyecto\lib\Cake\Model\Model.php(3310): Model->setSource('users')
#4 C:\Users\Betmart\Dropbox\RH\USBWebserver v8.5\8.5\root\gravimon\proyecto\lib\Cake\Model\Model.php(1318): Model->getDataSource()
#5 C:\Users\Betmart\Dropbox\RH\USBWebserver v8.5\8.5\root\gravimon\proyecto\lib\Cake\View\Helper\FormHelper.php(199): Model->schema()
#6 C:\Users\Betmart\Dropbox\RH\USBWebserver v8.5\8.5\root\gravimon\proyecto\lib\Cake\View\Helper\FormHelper.php(451): FormHelper->_introspectModel('User', 'fields')
#7 C:\Users\Betmart\Dropbox\RH\USBWebserver v8.5\8.5\root\gravimon\proyecto\app\View\Users\login.ctp(4): FormHelper->create('User')
#8 C:\Users\Betmart\Dropbox\RH\USBWebserver v8.5\8.5\root\gravimon\proyecto\lib\Cake\View\View.php(931): include('C:\Users\Betmar...')
#9 C:\Users\Betmart\Dropbox\RH\USBWebserver v8.5\8.5\root\gravimon\proyecto\lib\Cake\View\View.php(893): View->_evaluate('C:\Users\Betmar...', Array)
#10 C:\Users\Betmart\Dropbox\RH\USBWebserver v8.5\8.5\root\gravimon\proyecto\lib\Cake\View\View.php(462): View->_render('C:\Users\Betmar...')
#11 C:\Users\Betmart\Dropbox\RH\USBWebserver v8.5\8.5\root\gravimon\proyecto\lib\Cake\Controller\Controller.php(952): View->render(NULL, NULL)
#12 C:\Users\Betmart\Dropbox\RH\USBWebserver v8.5\8.5\root\gravimon\proyecto\lib\Cake\Routing\Dispatcher.php(194): Controller->render()
#13 C:\Users\Betmart\Dropbox\RH\USBWebserver v8.5\8.5\root\gravimon\proyecto\lib\Cake\Routing\Dispatcher.php(162): Dispatcher->_invoke(Object(UsersController), Object(CakeRequest), Object(CakeResponse))
#14 C:\Users\Betmart\Dropbox\RH\USBWebserver v8.5\8.5\root\gravimon\proyecto\app\webroot\index.php(110): Dispatcher->dispatch(Object(CakeRequest), Object(CakeResponse))
#15 {main}
2014-01-07 15:13:07 Error: [MissingDatasourceConfigException] The datasource configuration "default" was not found in database.php
Exception Attributes: array (
  'config' => 'default',
)
Request URL: /gravimon/proyecto/
Stack Trace:
#0 C:\Users\Betmart\Dropbox\RH\USBWebserver v8.5\8.5\root\gravimon\proyecto\lib\Cake\Model\ConnectionManager.php(93): ConnectionManager::_getConnectionObject('default')
#1 C:\Users\Betmart\Dropbox\RH\USBWebserver v8.5\8.5\root\gravimon\proyecto\lib\Cake\Model\Model.php(3288): ConnectionManager::getDataSource('default')
#2 C:\Users\Betmart\Dropbox\RH\USBWebserver v8.5\8.5\root\gravimon\proyecto\lib\Cake\Model\Model.php(1107): Model->setDataSource('default')
#3 C:\Users\Betmart\Dropbox\RH\USBWebserver v8.5\8.5\root\gravimon\proyecto\lib\Cake\Model\Model.php(3310): Model->setSource('users')
#4 C:\Users\Betmart\Dropbox\RH\USBWebserver v8.5\8.5\root\gravimon\proyecto\lib\Cake\Model\Model.php(1318): Model->getDataSource()
#5 C:\Users\Betmart\Dropbox\RH\USBWebserver v8.5\8.5\root\gravimon\proyecto\lib\Cake\View\Helper\FormHelper.php(199): Model->schema()
#6 C:\Users\Betmart\Dropbox\RH\USBWebserver v8.5\8.5\root\gravimon\proyecto\lib\Cake\View\Helper\FormHelper.php(451): FormHelper->_introspectModel('User', 'fields')
#7 C:\Users\Betmart\Dropbox\RH\USBWebserver v8.5\8.5\root\gravimon\proyecto\app\View\Users\login.ctp(4): FormHelper->create('User')
#8 C:\Users\Betmart\Dropbox\RH\USBWebserver v8.5\8.5\root\gravimon\proyecto\lib\Cake\View\View.php(931): include('C:\Users\Betmar...')
#9 C:\Users\Betmart\Dropbox\RH\USBWebserver v8.5\8.5\root\gravimon\proyecto\lib\Cake\View\View.php(893): View->_evaluate('C:\Users\Betmar...', Array)
#10 C:\Users\Betmart\Dropbox\RH\USBWebserver v8.5\8.5\root\gravimon\proyecto\lib\Cake\View\View.php(462): View->_render('C:\Users\Betmar...')
#11 C:\Users\Betmart\Dropbox\RH\USBWebserver v8.5\8.5\root\gravimon\proyecto\lib\Cake\Controller\Controller.php(952): View->render(NULL, NULL)
#12 C:\Users\Betmart\Dropbox\RH\USBWebserver v8.5\8.5\root\gravimon\proyecto\lib\Cake\Routing\Dispatcher.php(194): Controller->render()
#13 C:\Users\Betmart\Dropbox\RH\USBWebserver v8.5\8.5\root\gravimon\proyecto\lib\Cake\Routing\Dispatcher.php(162): Dispatcher->_invoke(Object(UsersController), Object(CakeRequest), Object(CakeResponse))
#14 C:\Users\Betmart\Dropbox\RH\USBWebserver v8.5\8.5\root\gravimon\proyecto\app\webroot\index.php(110): Dispatcher->dispatch(Object(CakeRequest), Object(CakeResponse))
#15 {main}
2014-01-07 16:55:46 Error: [MissingControllerException] Controller class Favicon.icoController could not be found.
Exception Attributes: array (
  'class' => 'Favicon.icoController',
  'plugin' => NULL,
)
Request URL: /gravimon/proyecto/favicon.ico
Stack Trace:
#0 C:\Users\Betmart\Dropbox\RH\USBWebserver v8.5\8.5\root\gravimon\proyecto\app\webroot\index.php(110): Dispatcher->dispatch(Object(CakeRequest), Object(CakeResponse))
#1 {main}
2014-01-07 16:55:50 Error: [MissingControllerException] Controller class Favicon.icoController could not be found.
Exception Attributes: array (
  'class' => 'Favicon.icoController',
  'plugin' => NULL,
)
Request URL: /gravimon/proyecto/favicon.ico
Stack Trace:
#0 C:\Users\Betmart\Dropbox\RH\USBWebserver v8.5\8.5\root\gravimon\proyecto\app\webroot\index.php(110): Dispatcher->dispatch(Object(CakeRequest), Object(CakeResponse))
#1 {main}
2014-01-07 16:55:53 Error: [MissingControllerException] Controller class Favicon.icoController could not be found.
Exception Attributes: array (
  'class' => 'Favicon.icoController',
  'plugin' => NULL,
)
Request URL: /gravimon/proyecto/favicon.ico
Stack Trace:
#0 C:\Users\Betmart\Dropbox\RH\USBWebserver v8.5\8.5\root\gravimon\proyecto\app\webroot\index.php(110): Dispatcher->dispatch(Object(CakeRequest), Object(CakeResponse))
#1 {main}
2014-01-07 17:21:18 Error: [PDOException] SQLSTATE[42S22]: Column not found: 1054 Unknown column 'Cheque.cobrado!' in 'where clause'
Request URL: /gravimon/proyecto/cheques
Stack Trace:
#0 C:\Users\Betmart\Dropbox\RH\USBWebserver v8.5\8.5\root\gravimon\proyecto\lib\Cake\Model\Datasource\DboSource.php(460): PDOStatement->execute(Array)
#1 C:\Users\Betmart\Dropbox\RH\USBWebserver v8.5\8.5\root\gravimon\proyecto\lib\Cake\Model\Datasource\DboSource.php(426): DboSource->_execute('SELECT `Cheque`...', Array)
#2 C:\Users\Betmart\Dropbox\RH\USBWebserver v8.5\8.5\root\gravimon\proyecto\lib\Cake\Model\Datasource\DboSource.php(666): DboSource->execute('SELECT `Cheque`...', Array, Array)
#3 C:\Users\Betmart\Dropbox\RH\USBWebserver v8.5\8.5\root\gravimon\proyecto\lib\Cake\Model\Datasource\DboSource.php(1077): DboSource->fetchAll('SELECT `Cheque`...', false)
#4 C:\Users\Betmart\Dropbox\RH\USBWebserver v8.5\8.5\root\gravimon\proyecto\lib\Cake\Model\Model.php(2750): DboSource->read(Object(Cheque), Array)
#5 C:\Users\Betmart\Dropbox\RH\USBWebserver v8.5\8.5\root\gravimon\proyecto\lib\Cake\Model\Model.php(2722): Model->_readDataSource('all', Array)
#6 C:\Users\Betmart\Dropbox\RH\USBWebserver v8.5\8.5\root\gravimon\proyecto\lib\Cake\Controller\Component\PaginatorComponent.php(198): Model->find('all', Array)
#7 C:\Users\Betmart\Dropbox\RH\USBWebserver v8.5\8.5\root\gravimon\proyecto\lib\Cake\Controller\Controller.php(1079): PaginatorComponent->paginate('Cheque', Array, Array)
#8 C:\Users\Betmart\Dropbox\RH\USBWebserver v8.5\8.5\root\gravimon\proyecto\app\Controller\ChequesController.php(47): Controller->paginate('Cheque', Array)
#9 [internal function]: ChequesController->index()
#10 C:\Users\Betmart\Dropbox\RH\USBWebserver v8.5\8.5\root\gravimon\proyecto\lib\Cake\Controller\Controller.php(490): ReflectionMethod->invokeArgs(Object(ChequesController), Array)
#11 C:\Users\Betmart\Dropbox\RH\USBWebserver v8.5\8.5\root\gravimon\proyecto\lib\Cake\Routing\Dispatcher.php(187): Controller->invokeAction(Object(CakeRequest))
#12 C:\Users\Betmart\Dropbox\RH\USBWebserver v8.5\8.5\root\gravimon\proyecto\lib\Cake\Routing\Dispatcher.php(162): Dispatcher->_invoke(Object(ChequesController), Object(CakeRequest), Object(CakeResponse))
#13 C:\Users\Betmart\Dropbox\RH\USBWebserver v8.5\8.5\root\gravimon\proyecto\app\webroot\index.php(110): Dispatcher->dispatch(Object(CakeRequest), Object(CakeResponse))
#14 {main}
2014-01-07 17:21:36 Error: [PDOException] SQLSTATE[42S22]: Column not found: 1054 Unknown column 'Cheque.cobrado!' in 'where clause'
Request URL: /gravimon/proyecto/cheques
Stack Trace:
#0 C:\Users\Betmart\Dropbox\RH\USBWebserver v8.5\8.5\root\gravimon\proyecto\lib\Cake\Model\Datasource\DboSource.php(460): PDOStatement->execute(Array)
#1 C:\Users\Betmart\Dropbox\RH\USBWebserver v8.5\8.5\root\gravimon\proyecto\lib\Cake\Model\Datasource\DboSource.php(426): DboSource->_execute('SELECT `Cheque`...', Array)
#2 C:\Users\Betmart\Dropbox\RH\USBWebserver v8.5\8.5\root\gravimon\proyecto\lib\Cake\Model\Datasource\DboSource.php(666): DboSource->execute('SELECT `Cheque`...', Array, Array)
#3 C:\Users\Betmart\Dropbox\RH\USBWebserver v8.5\8.5\root\gravimon\proyecto\lib\Cake\Model\Datasource\DboSource.php(1077): DboSource->fetchAll('SELECT `Cheque`...', false)
#4 C:\Users\Betmart\Dropbox\RH\USBWebserver v8.5\8.5\root\gravimon\proyecto\lib\Cake\Model\Model.php(2750): DboSource->read(Object(Cheque), Array)
#5 C:\Users\Betmart\Dropbox\RH\USBWebserver v8.5\8.5\root\gravimon\proyecto\lib\Cake\Model\Model.php(2722): Model->_readDataSource('all', Array)
#6 C:\Users\Betmart\Dropbox\RH\USBWebserver v8.5\8.5\root\gravimon\proyecto\lib\Cake\Controller\Component\PaginatorComponent.php(198): Model->find('all', Array)
#7 C:\Users\Betmart\Dropbox\RH\USBWebserver v8.5\8.5\root\gravimon\proyecto\lib\Cake\Controller\Controller.php(1079): PaginatorComponent->paginate('Cheque', Array, Array)
#8 C:\Users\Betmart\Dropbox\RH\USBWebserver v8.5\8.5\root\gravimon\proyecto\app\Controller\ChequesController.php(47): Controller->paginate('Cheque', Array)
#9 [internal function]: ChequesController->index()
#10 C:\Users\Betmart\Dropbox\RH\USBWebserver v8.5\8.5\root\gravimon\proyecto\lib\Cake\Controller\Controller.php(490): ReflectionMethod->invokeArgs(Object(ChequesController), Array)
#11 C:\Users\Betmart\Dropbox\RH\USBWebserver v8.5\8.5\root\gravimon\proyecto\lib\Cake\Routing\Dispatcher.php(187): Controller->invokeAction(Object(CakeRequest))
#12 C:\Users\Betmart\Dropbox\RH\USBWebserver v8.5\8.5\root\gravimon\proyecto\lib\Cake\Routing\Dispatcher.php(162): Dispatcher->_invoke(Object(ChequesController), Object(CakeRequest), Object(CakeResponse))
#13 C:\Users\Betmart\Dropbox\RH\USBWebserver v8.5\8.5\root\gravimon\proyecto\app\webroot\index.php(110): Dispatcher->dispatch(Object(CakeRequest), Object(CakeResponse))
#14 {main}
2014-01-07 17:37:44 Error: [PDOException] SQLSTATE[42S22]: Column not found: 1054 Unknown column 'Cheque.cobrado1' in 'where clause'
Request URL: /gravimon/proyecto/cheques
Stack Trace:
#0 C:\Users\Betmart\Dropbox\RH\USBWebserver v8.5\8.5\root\gravimon\proyecto\lib\Cake\Model\Datasource\DboSource.php(460): PDOStatement->execute(Array)
#1 C:\Users\Betmart\Dropbox\RH\USBWebserver v8.5\8.5\root\gravimon\proyecto\lib\Cake\Model\Datasource\DboSource.php(426): DboSource->_execute('SELECT `Cheque`...', Array)
#2 C:\Users\Betmart\Dropbox\RH\USBWebserver v8.5\8.5\root\gravimon\proyecto\lib\Cake\Model\Datasource\DboSource.php(666): DboSource->execute('SELECT `Cheque`...', Array, Array)
#3 C:\Users\Betmart\Dropbox\RH\USBWebserver v8.5\8.5\root\gravimon\proyecto\lib\Cake\Model\Datasource\DboSource.php(1077): DboSource->fetchAll('SELECT `Cheque`...', false)
#4 C:\Users\Betmart\Dropbox\RH\USBWebserver v8.5\8.5\root\gravimon\proyecto\lib\Cake\Model\Model.php(2750): DboSource->read(Object(Cheque), Array)
#5 C:\Users\Betmart\Dropbox\RH\USBWebserver v8.5\8.5\root\gravimon\proyecto\lib\Cake\Model\Model.php(2722): Model->_readDataSource('all', Array)
#6 C:\Users\Betmart\Dropbox\RH\USBWebserver v8.5\8.5\root\gravimon\proyecto\lib\Cake\Controller\Component\PaginatorComponent.php(198): Model->find('all', Array)
#7 C:\Users\Betmart\Dropbox\RH\USBWebserver v8.5\8.5\root\gravimon\proyecto\lib\Cake\Controller\Controller.php(1079): PaginatorComponent->paginate('Cheque', Array, Array)
#8 C:\Users\Betmart\Dropbox\RH\USBWebserver v8.5\8.5\root\gravimon\proyecto\app\Controller\ChequesController.php(50): Controller->paginate('Cheque', Array)
#9 [internal function]: ChequesController->index()
#10 C:\Users\Betmart\Dropbox\RH\USBWebserver v8.5\8.5\root\gravimon\proyecto\lib\Cake\Controller\Controller.php(490): ReflectionMethod->invokeArgs(Object(ChequesController), Array)
#11 C:\Users\Betmart\Dropbox\RH\USBWebserver v8.5\8.5\root\gravimon\proyecto\lib\Cake\Routing\Dispatcher.php(187): Controller->invokeAction(Object(CakeRequest))
#12 C:\Users\Betmart\Dropbox\RH\USBWebserver v8.5\8.5\root\gravimon\proyecto\lib\Cake\Routing\Dispatcher.php(162): Dispatcher->_invoke(Object(ChequesController), Object(CakeRequest), Object(CakeResponse))
#13 C:\Users\Betmart\Dropbox\RH\USBWebserver v8.5\8.5\root\gravimon\proyecto\app\webroot\index.php(110): Dispatcher->dispatch(Object(CakeRequest), Object(CakeResponse))
#14 {main}
